IMLib/build/outputs/logs/manifest-merger-debug-report.txt
-- Merging decision tree log ---
manifest
ADDED from WebCastApp\IMLib\AndroidManifest.xml:1:1-90:12
INJECTED from WebCastApp\IMLib\AndroidManifest.xml:1:1-90:12
INJECTED from WebCastApp\IMLib\AndroidManifest.xml:1:1-90:12
INJECTED from WebCastApp\IMLib\AndroidManifest.xml:1:1-90:12
INJECTED from WebCastApp\IMLib\AndroidManifest.xml:1:1-90:12
INJECTED from WebCastApp\IMLib\AndroidManifest.xml:1:1-90:12
INJECTED from WebCastApp\IMLib\AndroidManifest.xml:1:1-90:12
	package
		ADDED from WebCastApp\IMLib\AndroidManifest.xml:2:5-28
		INJECTED from WebCastApp\IMLib\AndroidManifest.xml
		INJECTED from WebCastApp\IMLib\AndroidManifest.xml
	android:versionName
		INJECTED from WebCastApp\IMLib\AndroidManifest.xml
		ADDED from WebCastApp\IMLib\AndroidManifest.xml:1:1-90:12
		INJECTED from WebCastApp\IMLib\AndroidManifest.xml
	android:versionCode
		INJECTED from WebCastApp\IMLib\AndroidManifest.xml
		ADDED from WebCastApp\IMLib\AndroidManifest.xml:1:1-90:12
		INJECTED from WebCastApp\IMLib\AndroidManifest.xml
	xmlns:android
		ADDED from WebCastApp\IMLib\AndroidManifest.xml:1:11-69
uses-sdk
ADDED from WebCastApp\IMLib\AndroidManifest.xml:4:5-6:41
INJECTED from WebCastApp\IMLib\AndroidManifest.xml:4:5-6:41
INJECTED from WebCastApp\IMLib\AndroidManifest.xml:4:5-6:41
INJECTED from WebCastApp\IMLib\AndroidManifest.xml:4:5-6:41
INJECTED from WebCastApp\IMLib\AndroidManifest.xml:4:5-6:41
	android:targetSdkVersion
		ADDED from WebCastApp\IMLib\AndroidManifest.xml:6:9-38
		INJECTED from WebCastApp\IMLib\AndroidManifest.xml
		INJECTED from WebCastApp\IMLib\AndroidManifest.xml
	android:minSdkVersion
		ADDED from WebCastApp\IMLib\AndroidManifest.xml:5:9-35
		INJECTED from WebCastApp\IMLib\AndroidManifest.xml
		INJECTED from WebCastApp\IMLib\AndroidManifest.xml
uses-permission#android.permission.WRITE_EXTERNAL_STORAGE
ADDED from WebCastApp\IMLib\AndroidManifest.xml:8:5-81
	android:name
		ADDED from WebCastApp\IMLib\AndroidManifest.xml:8:22-78
uses-permission#android.permission.INTERNET
ADDED from WebCastApp\IMLib\AndroidManifest.xml:9:5-67
	android:name
		ADDED from WebCastApp\IMLib\AndroidManifest.xml:9:22-64
uses-permission#android.permission.ACCESS_NETWORK_STATE
ADDED from WebCastApp\IMLib\AndroidManifest.xml:10:5-79
	android:name
		ADDED from WebCastApp\IMLib\AndroidManifest.xml:10:22-76
uses-permission#android.permission.ACCESS_WIFI_STATE
ADDED from WebCastApp\IMLib\AndroidManifest.xml:11:5-76
	android:name
		ADDED from WebCastApp\IMLib\AndroidManifest.xml:11:22-73
uses-permission#android.permission.READ_PHONE_STATE
ADDED from WebCastApp\IMLib\AndroidManifest.xml:12:5-75
	android:name
		ADDED from WebCastApp\IMLib\AndroidManifest.xml:12:22-72
uses-permission#android.permission.RECORD_AUDIO
ADDED from WebCastApp\IMLib\AndroidManifest.xml:13:5-71
	android:name
		ADDED from WebCastApp\IMLib\AndroidManifest.xml:13:22-68
uses-permission#android.permission.GET_TASKS
ADDED from WebCastApp\IMLib\AndroidManifest.xml:14:5-68
	android:name
		ADDED from WebCastApp\IMLib\AndroidManifest.xml:14:22-65
uses-permission#android.permission.WAKE_LOCK
ADDED from WebCastApp\IMLib\AndroidManifest.xml:15:5-68
	android:name
		ADDED from WebCastApp\IMLib\AndroidManifest.xml:15:22-65
uses-permission#android.permission.MODIFY_AUDIO_SETTINGS
ADDED from WebCastApp\IMLib\AndroidManifest.xml:16:5-80
	android:name
		ADDED from WebCastApp\IMLib\AndroidManifest.xml:16:22-77
uses-permission#android.permission.VIBRATE
ADDED from WebCastApp\IMLib\AndroidManifest.xml:17:5-66
	android:name
		ADDED from WebCastApp\IMLib\AndroidManifest.xml:17:22-63
uses-permission#android.permission.ACCESS_FINE_LOCATION
ADDED from WebCastApp\IMLib\AndroidManifest.xml:18:5-79
	android:name
		ADDED from WebCastApp\IMLib\AndroidManifest.xml:18:22-76
uses-permission#android.permission.RECEIVE_BOOT_COMPLETED
ADDED from WebCastApp\IMLib\AndroidManifest.xml:19:5-81
	android:name
		ADDED from WebCastApp\IMLib\AndroidManifest.xml:19:22-78
application
ADDED from WebCastApp\IMLib\AndroidManifest.xml:21:5-88:19
meta-data#RONG_CLOUD_APP_KEY
ADDED from WebCastApp\IMLib\AndroidManifest.xml:24:9-26:45
	android:value
		ADDED from WebCastApp\IMLib\AndroidManifest.xml:26:13-42
	android:name
		ADDED from WebCastApp\IMLib\AndroidManifest.xml:25:13-46
service#io.rong.imlib.ipc.RongService
ADDED from WebCastApp\IMLib\AndroidManifest.xml:28:9-31:38
	android:process
		ADDED from WebCastApp\IMLib\AndroidManifest.xml:31:13-35
	android:exported
		ADDED from WebCastApp\IMLib\AndroidManifest.xml:30:13-36
	android:name
		ADDED from WebCastApp\IMLib\AndroidManifest.xml:29:13-57
service#io.rong.imlib.ReConnectService
ADDED from WebCastApp\IMLib\AndroidManifest.xml:33:9-35:39
	android:exported
		ADDED from WebCastApp\IMLib\AndroidManifest.xml:35:13-36
	android:name
		ADDED from WebCastApp\IMLib\AndroidManifest.xml:34:13-58
receiver#io.rong.imlib.ConnectChangeReceiver
ADDED from WebCastApp\IMLib\AndroidManifest.xml:37:9-39:39
	android:exported
		ADDED from WebCastApp\IMLib\AndroidManifest.xml:39:13-36
	android:name
		ADDED from WebCastApp\IMLib\AndroidManifest.xml:38:13-63
receiver#io.rong.imlib.HeartbeatReceiver
ADDED from WebCastApp\IMLib\AndroidManifest.xml:41:9-43:38
	android:process
		ADDED from WebCastApp\IMLib\AndroidManifest.xml:43:13-35
	android:name
		ADDED from WebCastApp\IMLib\AndroidManifest.xml:42:13-59
service#io.rong.push.core.PushRegistrationService
ADDED from WebCastApp\IMLib\AndroidManifest.xml:47:9-52:19
	android:exported
		ADDED from WebCastApp\IMLib\AndroidManifest.xml:49:13-37
	android:permission
		ADDED from WebCastApp\IMLib\AndroidManifest.xml:50:13-69
	android:name
		ADDED from WebCastApp\IMLib\AndroidManifest.xml:48:13-69
service#io.rong.push.core.MessageHandleService
ADDED from WebCastApp\IMLib\AndroidManifest.xml:54:9-59:19
	android:exported
		ADDED from WebCastApp\IMLib\AndroidManifest.xml:56:13-36
	android:permission
		ADDED from WebCastApp\IMLib\AndroidManifest.xml:57:13-69
	android:name
		ADDED from WebCastApp\IMLib\AndroidManifest.xml:55:13-66
service#io.rong.push.PushService
ADDED from WebCastApp\IMLib\AndroidManifest.xml:61:9-67:19
	android:process
		ADDED from WebCastApp\IMLib\AndroidManifest.xml:65:13-43
	android:exported
		ADDED from WebCastApp\IMLib\AndroidManifest.xml:63:13-37
	android:permission
		ADDED from WebCastApp\IMLib\AndroidManifest.xml:64:13-69
	android:name
		ADDED from WebCastApp\IMLib\AndroidManifest.xml:62:13-52
receiver#io.rong.push.PushReceiver
ADDED from WebCastApp\IMLib\AndroidManifest.xml:69:9-86:20
	android:process
		ADDED from WebCastApp\IMLib\AndroidManifest.xml:71:13-43
	android:name
		ADDED from WebCastApp\IMLib\AndroidManifest.xml:70:13-53
intent-filter#io.rong.push.intent.action.HEART_BEAT
ADDED from WebCastApp\IMLib\AndroidManifest.xml:72:13-74:29
action#io.rong.push.intent.action.HEART_BEAT
ADDED from WebCastApp\IMLib\AndroidManifest.xml:73:17-80
	android:name
		ADDED from WebCastApp\IMLib\AndroidManifest.xml:73:25-77
intent-filter#android.net.conn.CONNECTIVITY_CHANGE
ADDED from WebCastApp\IMLib\AndroidManifest.xml:75:13-77:29
action#android.net.conn.CONNECTIVITY_CHANGE
ADDED from WebCastApp\IMLib\AndroidManifest.xml:76:17-79
	android:name
		ADDED from WebCastApp\IMLib\AndroidManifest.xml:76:25-76
intent-filter#android.intent.action.BOOT_COMPLETED
ADDED from WebCastApp\IMLib\AndroidManifest.xml:78:13-80:29
action#android.intent.action.BOOT_COMPLETED
ADDED from WebCastApp\IMLib\AndroidManifest.xml:79:17-79
	android:name
		ADDED from WebCastApp\IMLib\AndroidManifest.xml:79:25-76
intent-filter#android.intent.action.ACTION_POWER_CONNECTED+android.intent.action.ACTION_POWER_DISCONNECTED+android.intent.action.USER_PRESENT
ADDED from WebCastApp\IMLib\AndroidManifest.xml:81:13-85:29
action#android.intent.action.USER_PRESENT
ADDED from WebCastApp\IMLib\AndroidManifest.xml:82:17-77
	android:name
		ADDED from WebCastApp\IMLib\AndroidManifest.xml:82:25-74
action#android.intent.action.ACTION_POWER_CONNECTED
ADDED from WebCastApp\IMLib\AndroidManifest.xml:83:17-87
	android:name
		ADDED from WebCastApp\IMLib\AndroidManifest.xml:83:25-84
action#android.intent.action.ACTION_POWER_DISCONNECTED
ADDED from WebCastApp\IMLib\AndroidManifest.xml:84:17-90
	android:name
		ADDED from WebCastApp\IMLib\AndroidManifest.xml:84:25-87